This is pdfTeX, Version 3.14159265-2.6-1.40.20 (TeX Live 2019/W32TeX) (preloaded format=pdflatex 2020.2.7)  20 APR 2020 16:14
entering extended mode
 restricted \write18 enabled.
 %&-line parsing enabled.
**report.tex
(./report.tex
LaTeX2e <2020-02-02>
L3 programming layer <2020-02-03>
(c:/texlive/2019/texmf-dist/tex/latex/base/article.cls
Document Class: article 2019/12/20 v1.4l Standard LaTeX document class
(c:/texlive/2019/texmf-dist/tex/latex/base/size10.clo
File: size10.clo 2019/12/20 v1.4l Standard LaTeX file (size option)
)
\c@part=\count167
\c@section=\count168
\c@subsection=\count169
\c@subsubsection=\count170
\c@paragraph=\count171
\c@subparagraph=\count172
\c@figure=\count173
\c@table=\count174
\abovecaptionskip=\skip47
\belowcaptionskip=\skip48
\bibindent=\dimen134
)
(c:/texlive/2019/texmf-dist/tex/latex/graphics/epsfig.sty
Package: epsfig 2017/06/25 v1.7b (e)psfig emulation (SPQR)

(c:/texlive/2019/texmf-dist/tex/latex/graphics/graphicx.sty
Package: graphicx 2019/11/30 v1.2a Enhanced LaTeX Graphics (DPC,SPQR)

(c:/texlive/2019/texmf-dist/tex/latex/graphics/keyval.sty
Package: keyval 2014/10/28 v1.15 key=value parser (DPC)
\KV@toks@=\toks14
)
(c:/texlive/2019/texmf-dist/tex/latex/graphics/graphics.sty
Package: graphics 2019/11/30 v1.4a Standard LaTeX Graphics (DPC,SPQR)

(c:/texlive/2019/texmf-dist/tex/latex/graphics/trig.sty
Package: trig 2016/01/03 v1.10 sin cos tan (DPC)
)
(c:/texlive/2019/texmf-dist/tex/latex/graphics-cfg/graphics.cfg
File: graphics.cfg 2016/06/04 v1.11 sample graphics configuration
)
Package graphics Info: Driver file: pdftex.def on input line 105.

(c:/texlive/2019/texmf-dist/tex/latex/graphics-def/pdftex.def
File: pdftex.def 2018/01/08 v1.0l Graphics/color driver for pdftex
))
\Gin@req@height=\dimen135
\Gin@req@width=\dimen136
)
\epsfxsize=\dimen137
\epsfysize=\dimen138
)
(c:/texlive/2019/texmf-dist/tex/latex/natbib/natbib.sty
Package: natbib 2010/09/13 8.31b (PWD, AO)
\bibhang=\skip49
\bibsep=\skip50
LaTeX Info: Redefining \cite on input line 694.
\c@NAT@ctr=\count175
)
(c:/texlive/2019/texmf-dist/tex/latex/units/units.sty
Package: units 1998/08/04 v0.9b Typesetting units

(c:/texlive/2019/texmf-dist/tex/latex/base/ifthen.sty
Package: ifthen 2014/09/29 v1.1c Standard LaTeX ifthen package (DPC)
)
(c:/texlive/2019/texmf-dist/tex/latex/units/nicefrac.sty
Package: nicefrac 1998/08/04 v0.9b Nice fractions
\L@UnitsRaiseDisplaystyle=\skip51
\L@UnitsRaiseTextstyle=\skip52
\L@UnitsRaiseScriptstyle=\skip53
))
(c:/texlive/2019/texmf-dist/tex/latex/amsfonts/amssymb.sty
Package: amssymb 2013/01/14 v3.01 AMS font symbols

(c:/texlive/2019/texmf-dist/tex/latex/amsfonts/amsfonts.sty
Package: amsfonts 2013/01/14 v3.01 Basic AMSFonts support
\@emptytoks=\toks15
\symAMSa=\mathgroup4
\symAMSb=\mathgroup5
LaTeX Font Info:    Redeclaring math symbol \hbar on input line 98.
LaTeX Font Info:    Overwriting math alphabet `\mathfrak' in version `bold'
(Font)                  U/euf/m/n --> U/euf/b/n on input line 106.
))
(c:/texlive/2019/texmf-dist/tex/latex/amsmath/amsmath.sty
Package: amsmath 2020/01/20 v2.17e AMS math features
\@mathmargin=\skip54

For additional information on amsmath, use the `?' option.
(c:/texlive/2019/texmf-dist/tex/latex/amsmath/amstext.sty
Package: amstext 2000/06/29 v2.01 AMS text

(c:/texlive/2019/texmf-dist/tex/latex/amsmath/amsgen.sty
File: amsgen.sty 1999/11/30 v2.0 generic functions
\@emptytoks=\toks16
\ex@=\dimen139
))
(c:/texlive/2019/texmf-dist/tex/latex/amsmath/amsbsy.sty
Package: amsbsy 1999/11/29 v1.2d Bold Symbols
\pmbraise@=\dimen140
)
(c:/texlive/2019/texmf-dist/tex/latex/amsmath/amsopn.sty
Package: amsopn 2016/03/08 v2.02 operator names
)
\inf@bad=\count176
LaTeX Info: Redefining \frac on input line 227.
\uproot@=\count177
\leftroot@=\count178
LaTeX Info: Redefining \overline on input line 389.
\classnum@=\count179
\DOTSCASE@=\count180
LaTeX Info: Redefining \ldots on input line 486.
LaTeX Info: Redefining \dots on input line 489.
LaTeX Info: Redefining \cdots on input line 610.
\Mathstrutbox@=\box45
\strutbox@=\box46
\big@size=\dimen141
LaTeX Font Info:    Redeclaring font encoding OML on input line 733.
LaTeX Font Info:    Redeclaring font encoding OMS on input line 734.
\macc@depth=\count181
\c@MaxMatrixCols=\count182
\dotsspace@=\muskip16
\c@parentequation=\count183
\dspbrk@lvl=\count184
\tag@help=\toks17
\row@=\count185
\column@=\count186
\maxfields@=\count187
\andhelp@=\toks18
\eqnshift@=\dimen142
\alignsep@=\dimen143
\tagshift@=\dimen144
\tagwidth@=\dimen145
\totwidth@=\dimen146
\lineht@=\dimen147
\@envbody=\toks19
\multlinegap=\skip55
\multlinetaggap=\skip56
\mathdisplay@stack=\toks20
LaTeX Info: Redefining \[ on input line 2859.
LaTeX Info: Redefining \] on input line 2860.
)
(c:/texlive/2019/texmf-dist/tex/generic/babel/babel.sty
Package: babel 2020/02/03 3.39 The Babel package

(c:/texlive/2019/texmf-dist/tex/generic/babel/switch.def
File: switch.def 2020/02/03 3.39 Babel switching mechanism
)
Package babel Info: You haven't specified a language. I'll use 'nil'
(babel)             as the main language. Reported on input line 570.

(c:/texlive/2019/texmf-dist/tex/generic/babel/nil.ldf
Language: nil 2020/02/03 3.39 Nil language

(c:/texlive/2019/texmf-dist/tex/generic/babel/babel.def
File: babel.def 2020/02/03 3.39 Babel common definitions
\babel@savecnt=\count188
\U@D=\dimen148

(c:/texlive/2019/texmf-dist/tex/generic/babel/txtbabel.def)
\bbl@readstream=\read2
\bbl@dirlevel=\count189
)
\l@nil=\language85
))
(c:/texlive/2019/texmf-dist/tex/latex/l3backend/l3backend-pdfmode.def
File: l3backend-pdfmode.def 2020-02-03 L3 backend support: PDF mode
\l__kernel_color_stack_int=\count190
\l__pdf_internal_box=\box47
)
(./report.aux)
\openout1 = `report.aux'.

LaTeX Font Info:    Checking defaults for OML/cmm/m/it on input line 23.
LaTeX Font Info:    ... okay on input line 23.
LaTeX Font Info:    Checking defaults for OMS/cmsy/m/n on input line 23.
LaTeX Font Info:    ... okay on input line 23.
LaTeX Font Info:    Checking defaults for OT1/cmr/m/n on input line 23.
LaTeX Font Info:    ... okay on input line 23.
LaTeX Font Info:    Checking defaults for T1/cmr/m/n on input line 23.
LaTeX Font Info:    ... okay on input line 23.
LaTeX Font Info:    Checking defaults for TS1/cmr/m/n on input line 23.
LaTeX Font Info:    ... okay on input line 23.
LaTeX Font Info:    Checking defaults for OMX/cmex/m/n on input line 23.
LaTeX Font Info:    ... okay on input line 23.
LaTeX Font Info:    Checking defaults for U/cmr/m/n on input line 23.
LaTeX Font Info:    ... okay on input line 23.
 (c:/texlive/2019/texmf-dist/tex/context/base/mkii/supp-pdf.mkii
[Loading MPS to PDF converter (version 2006.09.02).]
\scratchcounter=\count191
\scratchdimen=\dimen149
\scratchbox=\box48
\nofMPsegments=\count192
\nofMParguments=\count193
\everyMPshowfont=\toks21
\MPscratchCnt=\count194
\MPscratchDim=\dimen150
\MPnumerator=\count195
\makeMPintoPDFobject=\count196
\everyMPtoPDFconversion=\toks22
) (c:/texlive/2019/texmf-dist/tex/latex/epstopdf-pkg/epstopdf-base.sty
Package: epstopdf-base 2020-01-24 v2.11 Base part for package epstopdf
Package epstopdf-base Info: Redefining graphics rule for `.eps' on input line 4
85.

(c:/texlive/2019/texmf-dist/tex/latex/latexconfig/epstopdf-sys.cfg
File: epstopdf-sys.cfg 2010/07/13 v1.3 Configuration of (r)epstopdf for TeX Liv
e
))
LaTeX Font Info:    Trying to load font information for U+msa on input line 25.


(c:/texlive/2019/texmf-dist/tex/latex/amsfonts/umsa.fd
File: umsa.fd 2013/01/14 v3.01 AMS symbols A
)
LaTeX Font Info:    Trying to load font information for U+msb on input line 25.


(c:/texlive/2019/texmf-dist/tex/latex/amsfonts/umsb.fd
File: umsb.fd 2013/01/14 v3.01 AMS symbols B
) [1

{c:/texlive/2019/texmf-var/fonts/map/pdftex/updmap/pdftex.map}] [2]
Overfull \hbox (0.9392pt too wide) in paragraph at lines 67--68
\OT1/cmr/m/n/10 (VOUS) or (VUS). Sometimes, no mutations are found in suspected
 disease-related genes, but mutations
 []

[3] [4] [5] [6]
Overfull \hbox (2.44035pt too wide) in paragraph at lines 163--164
\OT1/cmr/m/n/10 distributions because they have not been scaled appropriately, 
but are actually just smoothed histograms
 []

[7]
<res/img/table.jpg, id=32, 466.74374pt x 162.6075pt>
File: res/img/table.jpg Graphic file (type jpg)
<use res/img/table.jpg>
Package pdftex.def Info: res/img/table.jpg  used on input line 174.
(pdftex.def)             Requested size: 466.7426pt x 162.6071pt.
 [8 <./res/img/table.jpg>]
<res/img/s1pdf.png, id=36, 379.4175pt x 264.99pt>
File: res/img/s1pdf.png Graphic file (type png)
<use res/img/s1pdf.png>
Package pdftex.def Info: res/img/s1pdf.png  used on input line 182.
(pdftex.def)             Requested size: 265.59042pt x 185.49173pt.
<res/img/s1roc.png, id=38, 387.4475pt x 279.0425pt>
File: res/img/s1roc.png Graphic file (type png)
<use res/img/s1roc.png>
Package pdftex.def Info: res/img/s1roc.png  used on input line 183.
(pdftex.def)             Requested size: 271.2114pt x 195.3284pt.
<res/img/s1prc.png, id=39, 387.4475pt x 279.0425pt>
File: res/img/s1prc.png Graphic file (type png)
<use res/img/s1prc.png>
Package pdftex.def Info: res/img/s1prc.png  used on input line 184.
(pdftex.def)             Requested size: 271.2114pt x 195.3284pt.

Underfull \hbox (badness 10000) in paragraph at lines 181--185

 []

<res/img/s2pdf.png, id=40, 379.4175pt x 264.99pt>
File: res/img/s2pdf.png Graphic file (type png)
<use res/img/s2pdf.png>
Package pdftex.def Info: res/img/s2pdf.png  used on input line 187.
(pdftex.def)             Requested size: 265.59042pt x 185.49173pt.
<res/img/s2roc.png, id=41, 387.4475pt x 279.0425pt>
File: res/img/s2roc.png Graphic file (type png)
<use res/img/s2roc.png>
Package pdftex.def Info: res/img/s2roc.png  used on input line 188.
(pdftex.def)             Requested size: 271.2114pt x 195.3284pt.
<res/img/s2prc.png, id=42, 387.4475pt x 279.0425pt>
File: res/img/s2prc.png Graphic file (type png)
<use res/img/s2prc.png>
Package pdftex.def Info: res/img/s2prc.png  used on input line 189.
(pdftex.def)             Requested size: 271.2114pt x 195.3284pt.

Underfull \hbox (badness 10000) in paragraph at lines 186--190

 []


Underfull \vbox (badness 10000) has occurred while \output is active []

 [9 <./res/img/s1pdf.png> <./res/img/s1roc.png> <./res/img/s1prc.png>]
<res/img/s4pdf.png, id=49, 369.38pt x 264.99pt>
File: res/img/s4pdf.png Graphic file (type png)
<use res/img/s4pdf.png>
Package pdftex.def Info: res/img/s4pdf.png  used on input line 192.
(pdftex.def)             Requested size: 258.56422pt x 185.49173pt.
<res/img/s4roc.png, id=50, 387.4475pt x 279.0425pt>
File: res/img/s4roc.png Graphic file (type png)
<use res/img/s4roc.png>
Package pdftex.def Info: res/img/s4roc.png  used on input line 193.
(pdftex.def)             Requested size: 271.2114pt x 195.3284pt.
<res/img/s4prc.png, id=51, 387.4475pt x 279.0425pt>
File: res/img/s4prc.png Graphic file (type png)
<use res/img/s4prc.png>
Package pdftex.def Info: res/img/s4prc.png  used on input line 194.
(pdftex.def)             Requested size: 271.2114pt x 195.3284pt.

Underfull \hbox (badness 10000) in paragraph at lines 191--195

 []


Underfull \vbox (badness 10000) has occurred while \output is active []

 [10 <./res/img/s2pdf.png> <./res/img/s2roc.png> <./res/img/s2prc.png>]
<res/img/c1pdf.png, id=58, 369.38pt x 264.99pt>
File: res/img/c1pdf.png Graphic file (type png)
<use res/img/c1pdf.png>
Package pdftex.def Info: res/img/c1pdf.png  used on input line 197.
(pdftex.def)             Requested size: 258.56422pt x 185.49173pt.
<res/img/c1roc.png, id=59, 387.4475pt x 279.0425pt>
File: res/img/c1roc.png Graphic file (type png)
<use res/img/c1roc.png>
Package pdftex.def Info: res/img/c1roc.png  used on input line 198.
(pdftex.def)             Requested size: 271.2114pt x 195.3284pt.
<res/img/c1prc.png, id=60, 387.4475pt x 279.0425pt>
File: res/img/c1prc.png Graphic file (type png)
<use res/img/c1prc.png>
Package pdftex.def Info: res/img/c1prc.png  used on input line 199.
(pdftex.def)             Requested size: 271.2114pt x 195.3284pt.

Underfull \hbox (badness 10000) in paragraph at lines 196--200

 []


Underfull \vbox (badness 10000) has occurred while \output is active []

 [11 <./res/img/s4pdf.png> <./res/img/s4roc.png> <./res/img/s4prc.png>]
<res/img/c2pdf.png, id=67, 363.3575pt x 264.99pt>
File: res/img/c2pdf.png Graphic file (type png)
<use res/img/c2pdf.png>
Package pdftex.def Info: res/img/c2pdf.png  used on input line 202.
(pdftex.def)             Requested size: 254.3485pt x 185.49173pt.
<res/img/c2roc.png, id=68, 387.4475pt x 279.0425pt>
File: res/img/c2roc.png Graphic file (type png)
<use res/img/c2roc.png>
Package pdftex.def Info: res/img/c2roc.png  used on input line 203.
(pdftex.def)             Requested size: 271.2114pt x 195.3284pt.
<res/img/c2prc.png, id=69, 387.4475pt x 279.0425pt>
File: res/img/c2prc.png Graphic file (type png)
<use res/img/c2prc.png>
Package pdftex.def Info: res/img/c2prc.png  used on input line 204.
(pdftex.def)             Requested size: 271.2114pt x 195.3284pt.

Underfull \hbox (badness 10000) in paragraph at lines 201--205

 []


Underfull \vbox (badness 10000) has occurred while \output is active []

 [12 <./res/img/c1pdf.png> <./res/img/c1roc.png> <./res/img/c1prc.png>]
<res/img/c4pdf.png, id=76, 369.38pt x 264.99pt>
File: res/img/c4pdf.png Graphic file (type png)
<use res/img/c4pdf.png>
Package pdftex.def Info: res/img/c4pdf.png  used on input line 207.
(pdftex.def)             Requested size: 258.56422pt x 185.49173pt.
<res/img/c4roc.png, id=77, 387.4475pt x 279.0425pt>
File: res/img/c4roc.png Graphic file (type png)
<use res/img/c4roc.png>
Package pdftex.def Info: res/img/c4roc.png  used on input line 208.
(pdftex.def)             Requested size: 271.2114pt x 195.3284pt.
<res/img/c4prc.png, id=78, 387.4475pt x 279.0425pt>
File: res/img/c4prc.png Graphic file (type png)
<use res/img/c4prc.png>
Package pdftex.def Info: res/img/c4prc.png  used on input line 209.
(pdftex.def)             Requested size: 271.2114pt x 195.3284pt.

Underfull \hbox (badness 10000) in paragraph at lines 206--210

 []


Underfull \vbox (badness 10000) has occurred while \output is active []

 [13 <./res/img/c2pdf.png> <./res/img/c2roc.png> <./res/img/c2prc.png>]
Underfull \vbox (badness 10000) has occurred while \output is active []

 [14 <./res/img/c4pdf.png> <./res/img/c4roc.png> <./res/img/c4prc.png>] [15] [1
6]
(./report.aux) ) 
Here is how much of TeX's memory you used:
 3442 strings out of 481248
 44930 string characters out of 5922104
 291973 words of memory out of 5000000
 18647 multiletter control sequences out of 15000+600000
 540201 words of font info for 55 fonts, out of 8000000 for 9000
 1141 hyphenation exceptions out of 8191
 38i,6n,31p,768b,195s stack positions out of 5000i,500n,10000p,200000b,80000s
<c:/texlive/2019/texmf-dist/fonts/type1/public/amsfonts/cm/cmbx
10.pfb><c:/texlive/2019/texmf-dist/fonts/type1/public/amsfonts/cm/cmbx12.pfb><c
:/texlive/2019/texmf-dist/fonts/type1/public/amsfonts/cm/cmmi10.pfb><c:/texlive
/2019/texmf-dist/fonts/type1/public/amsfonts/cm/cmr10.pfb><c:/texlive/2019/texm
f-dist/fonts/type1/public/amsfonts/cm/cmr12.pfb><c:/texlive/2019/texmf-dist/fon
ts/type1/public/amsfonts/cm/cmr17.pfb><c:/texlive/2019/texmf-dist/fonts/type1/p
ublic/amsfonts/cm/cmsy10.pfb>
Output written on report.pdf (16 pages, 568208 bytes).
PDF statistics:
 122 PDF objects out of 1000 (max. 8388607)
 59 compressed objects within 1 object stream
 0 named destinations out of 1000 (max. 500000)
 96 words of extra memory for PDF output out of 10000 (max. 10000000)

